<?xml version="1.0" encoding="UTF-8"?>
<!-- Generated by org.testng.reporters.JUnitXMLReporter -->
<testsuite ignored="0" hostname="Sumit-PC" failures="0" tests="3" name="Login_Signup_SubscribeChannel" time="86.442" errors="0" timestamp="2020-10-07T19:11:53 IST">
  <testcase classname="youtube.Test.Test" name="LoginTest" time="15.504"/>
  <testcase classname="youtube.Test.Test" name="SignupTest" time="13.729"/>
  <testcase classname="youtube.Test.Test" name="likeOldestVideo" time="17.72"/>
</testsuite> <!-- Login_Signup_SubscribeChannel -->
