<?xml version="1.0" encoding="UTF-8"?>
<!-- Generated by org.testng.reporters.JUnitXMLReporter -->
<testsuite ignored="0" hostname="Sumit-PC" failures="0" tests="3" name="Login" time="101.928" errors="0" timestamp="2020-10-07T18:33:49 IST">
  <testcase classname="youtube.Test.Test" name="LoginTest" time="15.678"/>
  <testcase classname="youtube.Test.Test" name="SignupTest" time="31.093"/>
  <testcase classname="youtube.Test.Test" name="likeOldestVideo" time="17.999"/>
</testsuite> <!-- Login -->
