<?xml version="1.0" encoding="UTF-8"?>
<testng-results ignored="0" total="3" passed="3" failed="0" skipped="0">
  <reporter-output>
  </reporter-output>
  <suite started-at="2020-10-07T19:10:26 IST" name="Youtube" finished-at="2020-10-07T19:11:53 IST" duration-ms="86442">
    <groups>
    </groups>
    <test started-at="2020-10-07T19:10:26 IST" name="Login_Signup_SubscribeChannel" finished-at="2020-10-07T19:11:53 IST" duration-ms="86442">
      <class name="youtube.Test.Test">
        <test-method is-config="true" signature="launch(java.lang.String)[pri:0, instance:youtube.Test.Test@d706f19]" started-at="2020-10-07T19:10:27 IST" name="launch" finished-at="2020-10-07T19:10:38 IST" duration-ms="11749" status="PASS">
          <params>
            <param index="0">
              <value>
                <![CDATA[Chrome]]>
              </value>
            </param>
          </params>
          <reporter-output>
          </reporter-output>
        </test-method> <!-- launch -->
        <test-method signature="LoginTest()[pri:0, instance:youtube.Test.Test@d706f19]" started-at="2020-10-07T19:10:38 IST" name="LoginTest" finished-at="2020-10-07T19:10:54 IST" duration-ms="15504" status="PASS">
          <reporter-output>
          </reporter-output>
        </test-method> <!-- LoginTest -->
        <test-method is-config="true" signature="quit()[pri:0, instance:youtube.Test.Test@d706f19]" started-at="2020-10-07T19:10:54 IST" name="quit" finished-at="2020-10-07T19:10:56 IST" duration-ms="2404" status="PASS">
          <reporter-output>
          </reporter-output>
        </test-method> <!-- quit -->
        <test-method is-config="true" signature="launch(java.lang.String)[pri:0, instance:youtube.Test.Test@d706f19]" started-at="2020-10-07T19:10:56 IST" name="launch" finished-at="2020-10-07T19:11:06 IST" duration-ms="10085" status="PASS">
          <params>
            <param index="0">
              <value>
                <![CDATA[Chrome]]>
              </value>
            </param>
          </params>
          <reporter-output>
          </reporter-output>
        </test-method> <!-- launch -->
        <test-method signature="SignupTest()[pri:0, instance:youtube.Test.Test@d706f19]" started-at="2020-10-07T19:11:06 IST" name="SignupTest" finished-at="2020-10-07T19:11:20 IST" duration-ms="13729" status="PASS">
          <reporter-output>
          </reporter-output>
        </test-method> <!-- SignupTest -->
        <test-method is-config="true" signature="quit()[pri:0, instance:youtube.Test.Test@d706f19]" started-at="2020-10-07T19:11:20 IST" name="quit" finished-at="2020-10-07T19:11:22 IST" duration-ms="2457" status="PASS">
          <reporter-output>
          </reporter-output>
        </test-method> <!-- quit -->
        <test-method is-config="true" signature="launch(java.lang.String)[pri:0, instance:youtube.Test.Test@d706f19]" started-at="2020-10-07T19:11:22 IST" name="launch" finished-at="2020-10-07T19:11:33 IST" duration-ms="10523" status="PASS">
          <params>
            <param index="0">
              <value>
                <![CDATA[Chrome]]>
              </value>
            </param>
          </params>
          <reporter-output>
          </reporter-output>
        </test-method> <!-- launch -->
        <test-method signature="likeOldestVideo()[pri:0, instance:youtube.Test.Test@d706f19]" started-at="2020-10-07T19:11:33 IST" name="likeOldestVideo" finished-at="2020-10-07T19:11:51 IST" duration-ms="17720" status="PASS">
          <reporter-output>
          </reporter-output>
        </test-method> <!-- likeOldestVideo -->
        <test-method is-config="true" signature="quit()[pri:0, instance:youtube.Test.Test@d706f19]" started-at="2020-10-07T19:11:51 IST" name="quit" finished-at="2020-10-07T19:11:53 IST" duration-ms="2172" status="PASS">
          <reporter-output>
          </reporter-output>
        </test-method> <!-- quit -->
      </class> <!-- youtube.Test.Test -->
    </test> <!-- Login_Signup_SubscribeChannel -->
  </suite> <!-- Youtube -->
</testng-results>
